[2023-06-2122:33:20] [ INFO ] [PacienteController:26] Registrando paciente...
[2023-06-2122:38:29] [ INFO ] [PacienteController:26] Registrando paciente...
[2023-06-2122:38:29] [ INFO ] [PacienteController:30] El paciente fue registrado con éxito
[2023-06-2122:38:35] [ INFO ] [PacienteController:48] Buscando paciente...
[2023-06-2122:38:35] [ INFO ] [PacienteController:52] Paciente encontrado!
[2023-06-2122:38:43] [ INFO ] [PacienteController:42] Listando pacientes...
[2023-06-2122:38:51] [ INFO ] [PacienteController:87] Paciente eliminado
[2023-06-2122:39:21] [ INFO ] [PacienteController:48] Buscando paciente...
[2023-06-2122:39:21] [ ERROR] [GlobalExceptionHandler:18] Cannot invoke "java.util.Optional.isPresent()" because "paciente" is null
[2023-06-2122:41:00] [ INFO ] [PacienteController:26] Registrando paciente...
[2023-06-2122:41:00] [ INFO ] [PacienteController:30] El paciente fue registrado con éxito
[2023-06-2122:41:05] [ INFO ] [PacienteController:48] Buscando paciente...
[2023-06-2122:41:05] [ INFO ] [PacienteController:52] Paciente encontrado!
[2023-06-2122:41:12] [ INFO ] [PacienteController:48] Buscando paciente...
[2023-06-2122:41:12] [ ERROR] [GlobalExceptionHandler:18] Cannot invoke "java.util.Optional.isPresent()" because "paciente" is null
[2023-06-2518:56:55] [ INFO ] [PacienteController:26] Registrando paciente...
[2023-06-2518:56:55] [ INFO ] [PacienteController:30] El paciente fue registrado con éxito
[2023-06-2518:57:02] [ INFO ] [PacienteController:42] Listando pacientes...
[2023-06-2518:57:20] [ INFO ] [OdontologoController:28] Registrando odontologo...
[2023-06-2518:57:20] [ INFO ] [OdontologoController:32] El odontologo fue registrado con éxito
[2023-06-2518:57:28] [ INFO ] [TurnoController:28] Registrando turno...
[2023-06-2518:57:28] [ INFO ] [TurnoController:32] Turno registrado con exito
[2023-06-2518:57:33] [ INFO ] [TurnoController:44] Listando turnos...
[2023-06-2518:59:37] [ INFO ] [PacienteController:26] Registrando paciente...
[2023-06-2518:59:37] [ INFO ] [PacienteController:30] El paciente fue registrado con éxito
[2023-06-2518:59:40] [ INFO ] [PacienteController:42] Listando pacientes...
[2023-06-2519:03:58] [ INFO ] [PacienteController:26] Registrando paciente...
[2023-06-2519:03:58] [ INFO ] [PacienteController:30] El paciente fue registrado con éxito
[2023-06-2519:04:01] [ INFO ] [PacienteController:42] Listando pacientes...
[2023-06-2519:04:15] [ INFO ] [PacienteController:72] Paciente modificado con exito
[2023-06-2519:04:18] [ INFO ] [PacienteController:42] Listando pacientes...
[2023-06-2519:06:27] [ INFO ] [PacienteController:26] Registrando paciente...
[2023-06-2519:06:27] [ INFO ] [PacienteController:30] El paciente fue registrado con éxito
[2023-06-2519:06:40] [ INFO ] [PacienteController:72] Paciente modificado con exito
[2023-06-2519:06:42] [ INFO ] [PacienteController:42] Listando pacientes...
[2023-06-2519:06:48] [ INFO ] [OdontologoController:28] Registrando odontologo...
[2023-06-2519:06:48] [ INFO ] [OdontologoController:32] El odontologo fue registrado con éxito
[2023-06-2519:07:01] [ INFO ] [OdontologoController:77] Odontologo modificado con exito
[2023-06-2519:07:04] [ INFO ] [OdontologoController:44] Listando odontologos...
[2023-06-2519:07:15] [ INFO ] [TurnoController:28] Registrando turno...
[2023-06-2519:07:15] [ INFO ] [TurnoController:32] Turno registrado con exito
[2023-06-2519:07:28] [ INFO ] [TurnoController:68] Turno modificado con exito
[2023-06-2519:07:31] [ INFO ] [TurnoController:44] Listando turnos...
