[2023-06-2122:33:20] [ INFO ] [PacienteController:26] Registrando paciente...
[2023-06-2122:38:29] [ INFO ] [PacienteController:26] Registrando paciente...
[2023-06-2122:38:29] [ INFO ] [PacienteController:30] El paciente fue registrado con éxito
[2023-06-2122:38:35] [ INFO ] [PacienteController:48] Buscando paciente...
[2023-06-2122:38:35] [ INFO ] [PacienteController:52] Paciente encontrado!
[2023-06-2122:38:43] [ INFO ] [PacienteController:42] Listando pacientes...
[2023-06-2122:38:51] [ INFO ] [PacienteController:87] Paciente eliminado
[2023-06-2122:39:21] [ INFO ] [PacienteController:48] Buscando paciente...
[2023-06-2122:39:21] [ ERROR] [GlobalExceptionHandler:18] Cannot invoke "java.util.Optional.isPresent()" because "paciente" is null
[2023-06-2122:41:00] [ INFO ] [PacienteController:26] Registrando paciente...
[2023-06-2122:41:00] [ INFO ] [PacienteController:30] El paciente fue registrado con éxito
[2023-06-2122:41:05] [ INFO ] [PacienteController:48] Buscando paciente...
[2023-06-2122:41:05] [ INFO ] [PacienteController:52] Paciente encontrado!
[2023-06-2122:41:12] [ INFO ] [PacienteController:48] Buscando paciente...
[2023-06-2122:41:12] [ ERROR] [GlobalExceptionHandler:18] Cannot invoke "java.util.Optional.isPresent()" because "paciente" is null
[2023-06-2518:56:55] [ INFO ] [PacienteController:26] Registrando paciente...
[2023-06-2518:56:55] [ INFO ] [PacienteController:30] El paciente fue registrado con éxito
[2023-06-2518:57:02] [ INFO ] [PacienteController:42] Listando pacientes...
[2023-06-2518:57:20] [ INFO ] [OdontologoController:28] Registrando odontologo...
[2023-06-2518:57:20] [ INFO ] [OdontologoController:32] El odontologo fue registrado con éxito
[2023-06-2518:57:28] [ INFO ] [TurnoController:28] Registrando turno...
[2023-06-2518:57:28] [ INFO ] [TurnoController:32] Turno registrado con exito
[2023-06-2518:57:33] [ INFO ] [TurnoController:44] Listando turnos...
[2023-06-2518:59:37] [ INFO ] [PacienteController:26] Registrando paciente...
[2023-06-2518:59:37] [ INFO ] [PacienteController:30] El paciente fue registrado con éxito
[2023-06-2518:59:40] [ INFO ] [PacienteController:42] Listando pacientes...
[2023-06-2519:03:58] [ INFO ] [PacienteController:26] Registrando paciente...
[2023-06-2519:03:58] [ INFO ] [PacienteController:30] El paciente fue registrado con éxito
[2023-06-2519:04:01] [ INFO ] [PacienteController:42] Listando pacientes...
[2023-06-2519:04:15] [ INFO ] [PacienteController:72] Paciente modificado con exito
[2023-06-2519:04:18] [ INFO ] [PacienteController:42] Listando pacientes...
[2023-06-2519:06:27] [ INFO ] [PacienteController:26] Registrando paciente...
[2023-06-2519:06:27] [ INFO ] [PacienteController:30] El paciente fue registrado con éxito
[2023-06-2519:06:40] [ INFO ] [PacienteController:72] Paciente modificado con exito
[2023-06-2519:06:42] [ INFO ] [PacienteController:42] Listando pacientes...
[2023-06-2519:06:48] [ INFO ] [OdontologoController:28] Registrando odontologo...
[2023-06-2519:06:48] [ INFO ] [OdontologoController:32] El odontologo fue registrado con éxito
[2023-06-2519:07:01] [ INFO ] [OdontologoController:77] Odontologo modificado con exito
[2023-06-2519:07:04] [ INFO ] [OdontologoController:44] Listando odontologos...
[2023-06-2519:07:15] [ INFO ] [TurnoController:28] Registrando turno...
[2023-06-2519:07:15] [ INFO ] [TurnoController:32] Turno registrado con exito
[2023-06-2519:07:28] [ INFO ] [TurnoController:68] Turno modificado con exito
[2023-06-2519:07:31] [ INFO ] [TurnoController:44] Listando turnos...
[2023-06-2519:26:17] [ INFO ] [PacienteController:26] Registrando paciente...
[2023-06-2519:26:17] [ INFO ] [PacienteController:30] El paciente fue registrado con éxito
[2023-06-2519:26:28] [ INFO ] [PacienteController:72] Paciente modificado con exito
[2023-06-2519:26:31] [ INFO ] [PacienteController:42] Listando pacientes...
[2023-06-2519:26:39] [ INFO ] [OdontologoController:28] Registrando odontologo...
[2023-06-2519:26:39] [ INFO ] [OdontologoController:32] El odontologo fue registrado con éxito
[2023-06-2519:26:46] [ INFO ] [OdontologoController:77] Odontologo modificado con exito
[2023-06-2519:26:49] [ INFO ] [OdontologoController:44] Listando odontologos...
[2023-06-2519:26:57] [ INFO ] [TurnoController:28] Registrando turno...
[2023-06-2519:26:57] [ INFO ] [TurnoController:32] Turno registrado con exito
[2023-06-2519:27:03] [ INFO ] [TurnoController:68] Turno modificado con exito
[2023-06-2519:27:06] [ INFO ] [TurnoController:44] Listando turnos...
[2023-06-2519:27:13] [ INFO ] [TurnoController:84] Turno eliminado
[2023-06-2519:27:13] [ INFO ] [TurnoController:44] Listando turnos...
[2023-06-2519:27:16] [ INFO ] [TurnoController:84] Turno eliminado
[2023-06-2519:27:16] [ INFO ] [TurnoController:44] Listando turnos...
[2023-06-2519:27:18] [ INFO ] [TurnoController:44] Listando turnos...
[2023-06-2519:27:22] [ ERROR] [GlobalExceptionHandler:18] could not execute statement [Violación de una restricción de Integridad Referencial: "FKE6NBFHWYMISXJA2FVDUNYRTB: PUBLIC.TURNO FOREIGN KEY(ODONTOLOGO_ID) REFERENCES PUBLIC.ODONTOLOGO(ID) (1)"
Referential integrity constraint violation: "FKE6NBFHWYMISXJA2FVDUNYRTB: PUBLIC.TURNO FOREIGN KEY(ODONTOLOGO_ID) REFERENCES PUBLIC.ODONTOLOGO(ID) (1)"; SQL statement:
delete from odontologo where id=? [23503-214]] [delete from odontologo where id=?]; SQL [delete from odontologo where id=?]; constraint ["FKE6NBFHWYMISXJA2FVDUNYRTB: PUBLIC.TURNO FOREIGN KEY(ODONTOLOGO_ID) REFERENCES PUBLIC.ODONTOLOGO(ID) (1)"; SQL statement:
delete from odontologo where id=? [23503-214]]
[2023-06-2519:27:22] [ INFO ] [OdontologoController:44] Listando odontologos...
[2023-06-2519:27:26] [ INFO ] [OdontologoController:44] Listando odontologos...
[2023-06-2519:27:28] [ INFO ] [PacienteController:42] Listando pacientes...
[2023-06-2519:27:31] [ INFO ] [PacienteController:87] Paciente eliminado
[2023-06-2519:27:31] [ ERROR] [GlobalExceptionHandler:18] could not execute statement [Violación de una restricción de Integridad Referencial: "FKQHWVSF9BQSFMLHD0NURYNVWSD: PUBLIC.TURNO FOREIGN KEY(PACIENTE_ID) REFERENCES PUBLIC.PACIENTE(ID) (1)"
Referential integrity constraint violation: "FKQHWVSF9BQSFMLHD0NURYNVWSD: PUBLIC.TURNO FOREIGN KEY(PACIENTE_ID) REFERENCES PUBLIC.PACIENTE(ID) (1)"; SQL statement:
delete from paciente where id=? [23503-214]] [delete from paciente where id=?]; SQL [delete from paciente where id=?]; constraint ["FKQHWVSF9BQSFMLHD0NURYNVWSD: PUBLIC.TURNO FOREIGN KEY(PACIENTE_ID) REFERENCES PUBLIC.PACIENTE(ID) (1)"; SQL statement:
delete from paciente where id=? [23503-214]]
[2023-06-2519:27:31] [ INFO ] [PacienteController:42] Listando pacientes...
[2023-06-2519:27:34] [ INFO ] [PacienteController:42] Listando pacientes...
[2023-06-2519:27:36] [ INFO ] [PacienteController:42] Listando pacientes...
[2023-06-2519:27:39] [ INFO ] [PacienteController:87] Paciente eliminado
[2023-06-2519:27:39] [ ERROR] [GlobalExceptionHandler:18] could not execute statement [Violación de una restricción de Integridad Referencial: "FKQHWVSF9BQSFMLHD0NURYNVWSD: PUBLIC.TURNO FOREIGN KEY(PACIENTE_ID) REFERENCES PUBLIC.PACIENTE(ID) (1)"
Referential integrity constraint violation: "FKQHWVSF9BQSFMLHD0NURYNVWSD: PUBLIC.TURNO FOREIGN KEY(PACIENTE_ID) REFERENCES PUBLIC.PACIENTE(ID) (1)"; SQL statement:
delete from paciente where id=? [23503-214]] [delete from paciente where id=?]; SQL [delete from paciente where id=?]; constraint ["FKQHWVSF9BQSFMLHD0NURYNVWSD: PUBLIC.TURNO FOREIGN KEY(PACIENTE_ID) REFERENCES PUBLIC.PACIENTE(ID) (1)"; SQL statement:
delete from paciente where id=? [23503-214]]
[2023-06-2519:27:39] [ INFO ] [PacienteController:42] Listando pacientes...
[2023-06-2519:27:41] [ INFO ] [PacienteController:42] Listando pacientes...
[2023-06-2519:27:47] [ INFO ] [TurnoController:44] Listando turnos...
[2023-06-2519:27:49] [ INFO ] [TurnoController:44] Listando turnos...
[2023-06-2519:27:51] [ INFO ] [OdontologoController:44] Listando odontologos...
[2023-06-2519:27:52] [ INFO ] [OdontologoController:44] Listando odontologos...
[2023-06-2519:27:53] [ INFO ] [OdontologoController:44] Listando odontologos...
[2023-06-2519:27:53] [ INFO ] [OdontologoController:44] Listando odontologos...
[2023-06-2519:27:54] [ INFO ] [OdontologoController:44] Listando odontologos...
[2023-06-2519:27:55] [ INFO ] [OdontologoController:44] Listando odontologos...
[2023-06-2519:28:01] [ INFO ] [TurnoController:84] Turno eliminado
[2023-06-2519:28:01] [ INFO ] [TurnoController:44] Listando turnos...
[2023-06-2519:28:06] [ ERROR] [GlobalExceptionHandler:18] could not execute statement [Violación de una restricción de Integridad Referencial: "FKE6NBFHWYMISXJA2FVDUNYRTB: PUBLIC.TURNO FOREIGN KEY(ODONTOLOGO_ID) REFERENCES PUBLIC.ODONTOLOGO(ID) (1)"
Referential integrity constraint violation: "FKE6NBFHWYMISXJA2FVDUNYRTB: PUBLIC.TURNO FOREIGN KEY(ODONTOLOGO_ID) REFERENCES PUBLIC.ODONTOLOGO(ID) (1)"; SQL statement:
delete from odontologo where id=? [23503-214]] [delete from odontologo where id=?]; SQL [delete from odontologo where id=?]; constraint ["FKE6NBFHWYMISXJA2FVDUNYRTB: PUBLIC.TURNO FOREIGN KEY(ODONTOLOGO_ID) REFERENCES PUBLIC.ODONTOLOGO(ID) (1)"; SQL statement:
delete from odontologo where id=? [23503-214]]
[2023-06-2519:28:06] [ INFO ] [OdontologoController:44] Listando odontologos...
[2023-06-2519:28:09] [ ERROR] [GlobalExceptionHandler:18] could not execute statement [Violación de una restricción de Integridad Referencial: "FKE6NBFHWYMISXJA2FVDUNYRTB: PUBLIC.TURNO FOREIGN KEY(ODONTOLOGO_ID) REFERENCES PUBLIC.ODONTOLOGO(ID) (1)"
Referential integrity constraint violation: "FKE6NBFHWYMISXJA2FVDUNYRTB: PUBLIC.TURNO FOREIGN KEY(ODONTOLOGO_ID) REFERENCES PUBLIC.ODONTOLOGO(ID) (1)"; SQL statement:
delete from odontologo where id=? [23503-214]] [delete from odontologo where id=?]; SQL [delete from odontologo where id=?]; constraint ["FKE6NBFHWYMISXJA2FVDUNYRTB: PUBLIC.TURNO FOREIGN KEY(ODONTOLOGO_ID) REFERENCES PUBLIC.ODONTOLOGO(ID) (1)"; SQL statement:
delete from odontologo where id=? [23503-214]]
[2023-06-2519:28:09] [ INFO ] [OdontologoController:44] Listando odontologos...
[2023-06-2519:28:26] [ INFO ] [TurnoController:44] Listando turnos...
[2023-06-2519:28:42] [ ERROR] [GlobalExceptionHandler:18] Request method 'POST' is not supported
[2023-06-2519:28:45] [ INFO ] [OdontologoController:44] Listando odontologos...
[2023-06-2519:28:57] [ INFO ] [PacienteController:42] Listando pacientes...
[2023-06-2519:29:18] [ INFO ] [PacienteController:42] Listando pacientes...
[2023-06-2519:29:21] [ INFO ] [PacienteController:87] Paciente eliminado
[2023-06-2519:29:21] [ ERROR] [GlobalExceptionHandler:18] could not execute statement [Violación de una restricción de Integridad Referencial: "FKQHWVSF9BQSFMLHD0NURYNVWSD: PUBLIC.TURNO FOREIGN KEY(PACIENTE_ID) REFERENCES PUBLIC.PACIENTE(ID) (1)"
Referential integrity constraint violation: "FKQHWVSF9BQSFMLHD0NURYNVWSD: PUBLIC.TURNO FOREIGN KEY(PACIENTE_ID) REFERENCES PUBLIC.PACIENTE(ID) (1)"; SQL statement:
delete from paciente where id=? [23503-214]] [delete from paciente where id=?]; SQL [delete from paciente where id=?]; constraint ["FKQHWVSF9BQSFMLHD0NURYNVWSD: PUBLIC.TURNO FOREIGN KEY(PACIENTE_ID) REFERENCES PUBLIC.PACIENTE(ID) (1)"; SQL statement:
delete from paciente where id=? [23503-214]]
[2023-06-2519:29:21] [ INFO ] [PacienteController:42] Listando pacientes...
[2023-06-2519:29:24] [ INFO ] [PacienteController:42] Listando pacientes...
[2023-06-2519:29:31] [ INFO ] [PacienteController:42] Listando pacientes...
[2023-06-2519:37:04] [ INFO ] [PacienteController:26] Registrando paciente...
[2023-06-2519:37:04] [ INFO ] [PacienteController:30] El paciente fue registrado con éxito
[2023-06-2519:37:07] [ INFO ] [PacienteController:42] Listando pacientes...
[2023-06-2519:37:12] [ INFO ] [PacienteController:87] Paciente eliminado
[2023-06-2519:37:12] [ INFO ] [PacienteController:42] Listando pacientes...
[2023-06-2519:37:15] [ INFO ] [PacienteController:42] Listando pacientes...
[2023-06-2519:37:17] [ INFO ] [PacienteController:42] Listando pacientes...
[2023-06-2519:37:21] [ INFO ] [PacienteController:42] Listando pacientes...
[2023-06-2519:37:36] [ INFO ] [OdontologoController:28] Registrando odontologo...
[2023-06-2519:37:36] [ INFO ] [OdontologoController:32] El odontologo fue registrado con éxito
[2023-06-2519:37:39] [ INFO ] [OdontologoController:44] Listando odontologos...
[2023-06-2519:37:42] [ INFO ] [OdontologoController:93] Odontologo eliminado
[2023-06-2519:37:42] [ INFO ] [OdontologoController:44] Listando odontologos...
[2023-06-2519:37:44] [ INFO ] [OdontologoController:44] Listando odontologos...
[2023-06-2519:37:45] [ INFO ] [OdontologoController:44] Listando odontologos...
[2023-06-2519:37:45] [ INFO ] [OdontologoController:44] Listando odontologos...
[2023-06-2519:37:50] [ INFO ] [OdontologoController:44] Listando odontologos...
[2023-06-2519:37:58] [ INFO ] [OdontologoController:44] Listando odontologos...
[2023-06-2519:38:08] [ INFO ] [PacienteController:26] Registrando paciente...
[2023-06-2519:38:08] [ INFO ] [PacienteController:30] El paciente fue registrado con éxito
[2023-06-2519:38:11] [ INFO ] [PacienteController:42] Listando pacientes...
[2023-06-2519:38:18] [ INFO ] [OdontologoController:28] Registrando odontologo...
[2023-06-2519:38:18] [ INFO ] [OdontologoController:32] El odontologo fue registrado con éxito
[2023-06-2519:38:21] [ INFO ] [OdontologoController:44] Listando odontologos...
[2023-06-2519:38:31] [ INFO ] [TurnoController:28] Registrando turno...
[2023-06-2519:38:31] [ INFO ] [TurnoController:32] Turno registrado con exito
[2023-06-2519:38:35] [ INFO ] [TurnoController:44] Listando turnos...
[2023-06-2519:38:39] [ INFO ] [TurnoController:84] Turno eliminado
[2023-06-2519:38:39] [ INFO ] [TurnoController:44] Listando turnos...
[2023-06-2519:38:45] [ INFO ] [TurnoController:44] Listando turnos...
[2023-06-2519:38:49] [ INFO ] [TurnoController:84] Turno eliminado
[2023-06-2519:38:49] [ INFO ] [TurnoController:44] Listando turnos...
[2023-06-2519:38:50] [ INFO ] [TurnoController:44] Listando turnos...
[2023-06-2519:38:56] [ INFO ] [TurnoController:44] Listando turnos...
[2023-06-2519:39:05] [ ERROR] [GlobalExceptionHandler:18] could not execute statement [Violación de una restricción de Integridad Referencial: "FKE6NBFHWYMISXJA2FVDUNYRTB: PUBLIC.TURNO FOREIGN KEY(ODONTOLOGO_ID) REFERENCES PUBLIC.ODONTOLOGO(ID) (2)"
Referential integrity constraint violation: "FKE6NBFHWYMISXJA2FVDUNYRTB: PUBLIC.TURNO FOREIGN KEY(ODONTOLOGO_ID) REFERENCES PUBLIC.ODONTOLOGO(ID) (2)"; SQL statement:
delete from odontologo where id=? [23503-214]] [delete from odontologo where id=?]; SQL [delete from odontologo where id=?]; constraint ["FKE6NBFHWYMISXJA2FVDUNYRTB: PUBLIC.TURNO FOREIGN KEY(ODONTOLOGO_ID) REFERENCES PUBLIC.ODONTOLOGO(ID) (2)"; SQL statement:
delete from odontologo where id=? [23503-214]]
[2023-06-2519:39:05] [ INFO ] [OdontologoController:44] Listando odontologos...
[2023-06-2519:39:08] [ INFO ] [TurnoController:44] Listando turnos...
[2023-06-2519:39:11] [ INFO ] [TurnoController:44] Listando turnos...
[2023-06-2519:39:16] [ INFO ] [TurnoController:44] Listando turnos...
[2023-06-2519:39:20] [ INFO ] [OdontologoController:44] Listando odontologos...
[2023-06-2519:39:22] [ INFO ] [PacienteController:42] Listando pacientes...
[2023-06-2519:39:38] [ ERROR] [GlobalExceptionHandler:18] could not execute statement [Violación de una restricción de Integridad Referencial: "FKE6NBFHWYMISXJA2FVDUNYRTB: PUBLIC.TURNO FOREIGN KEY(ODONTOLOGO_ID) REFERENCES PUBLIC.ODONTOLOGO(ID) (2)"
Referential integrity constraint violation: "FKE6NBFHWYMISXJA2FVDUNYRTB: PUBLIC.TURNO FOREIGN KEY(ODONTOLOGO_ID) REFERENCES PUBLIC.ODONTOLOGO(ID) (2)"; SQL statement:
delete from odontologo where id=? [23503-214]] [delete from odontologo where id=?]; SQL [delete from odontologo where id=?]; constraint ["FKE6NBFHWYMISXJA2FVDUNYRTB: PUBLIC.TURNO FOREIGN KEY(ODONTOLOGO_ID) REFERENCES PUBLIC.ODONTOLOGO(ID) (2)"; SQL statement:
delete from odontologo where id=? [23503-214]]
[2023-06-2519:39:38] [ INFO ] [OdontologoController:44] Listando odontologos...
[2023-06-2519:39:43] [ ERROR] [GlobalExceptionHandler:18] could not execute statement [Violación de una restricción de Integridad Referencial: "FKE6NBFHWYMISXJA2FVDUNYRTB: PUBLIC.TURNO FOREIGN KEY(ODONTOLOGO_ID) REFERENCES PUBLIC.ODONTOLOGO(ID) (2)"
Referential integrity constraint violation: "FKE6NBFHWYMISXJA2FVDUNYRTB: PUBLIC.TURNO FOREIGN KEY(ODONTOLOGO_ID) REFERENCES PUBLIC.ODONTOLOGO(ID) (2)"; SQL statement:
delete from odontologo where id=? [23503-214]] [delete from odontologo where id=?]; SQL [delete from odontologo where id=?]; constraint ["FKE6NBFHWYMISXJA2FVDUNYRTB: PUBLIC.TURNO FOREIGN KEY(ODONTOLOGO_ID) REFERENCES PUBLIC.ODONTOLOGO(ID) (2)"; SQL statement:
delete from odontologo where id=? [23503-214]]
[2023-06-2519:39:43] [ INFO ] [OdontologoController:44] Listando odontologos...
[2023-06-2519:39:47] [ INFO ] [PacienteController:42] Listando pacientes...
[2023-06-2519:39:50] [ INFO ] [PacienteController:87] Paciente eliminado
[2023-06-2519:39:50] [ ERROR] [GlobalExceptionHandler:18] could not execute statement [Violación de una restricción de Integridad Referencial: "FKQHWVSF9BQSFMLHD0NURYNVWSD: PUBLIC.TURNO FOREIGN KEY(PACIENTE_ID) REFERENCES PUBLIC.PACIENTE(ID) (2)"
Referential integrity constraint violation: "FKQHWVSF9BQSFMLHD0NURYNVWSD: PUBLIC.TURNO FOREIGN KEY(PACIENTE_ID) REFERENCES PUBLIC.PACIENTE(ID) (2)"; SQL statement:
delete from paciente where id=? [23503-214]] [delete from paciente where id=?]; SQL [delete from paciente where id=?]; constraint ["FKQHWVSF9BQSFMLHD0NURYNVWSD: PUBLIC.TURNO FOREIGN KEY(PACIENTE_ID) REFERENCES PUBLIC.PACIENTE(ID) (2)"; SQL statement:
delete from paciente where id=? [23503-214]]
[2023-06-2519:39:50] [ INFO ] [PacienteController:42] Listando pacientes...
[2023-06-2519:39:54] [ INFO ] [TurnoController:84] Turno eliminado
[2023-06-2519:39:54] [ INFO ] [TurnoController:44] Listando turnos...
[2023-06-2519:44:18] [ INFO ] [PacienteController:26] Registrando paciente...
[2023-06-2519:44:18] [ INFO ] [PacienteController:30] El paciente fue registrado con éxito
[2023-06-2519:44:28] [ ERROR] [GlobalExceptionHandler:18] JSON parse error: Cannot deserialize value of type `java.lang.Integer` from String "a": not a valid `java.lang.Integer` value
[2023-06-2519:44:30] [ INFO ] [PacienteController:42] Listando pacientes...
[2023-06-2519:44:35] [ INFO ] [PacienteController:42] Listando pacientes...
[2023-06-2519:44:40] [ INFO ] [PacienteController:42] Listando pacientes...
[2023-06-2519:44:52] [ INFO ] [PacienteController:26] Registrando paciente...
[2023-06-2519:44:52] [ INFO ] [PacienteController:30] El paciente fue registrado con éxito
[2023-06-2519:44:54] [ INFO ] [PacienteController:42] Listando pacientes...
[2023-06-2519:45:03] [ INFO ] [PacienteController:87] Paciente eliminado
[2023-06-2519:45:03] [ INFO ] [PacienteController:42] Listando pacientes...
[2023-06-2519:45:06] [ INFO ] [PacienteController:42] Listando pacientes...
[2023-06-2519:45:09] [ INFO ] [PacienteController:87] Paciente eliminado
[2023-06-2519:45:09] [ INFO ] [PacienteController:42] Listando pacientes...
[2023-06-2519:45:12] [ INFO ] [PacienteController:42] Listando pacientes...
[2023-06-2519:45:21] [ INFO ] [OdontologoController:28] Registrando odontologo...
[2023-06-2519:45:21] [ INFO ] [OdontologoController:32] El odontologo fue registrado con éxito
[2023-06-2519:45:24] [ INFO ] [OdontologoController:44] Listando odontologos...
[2023-06-2519:45:30] [ INFO ] [OdontologoController:28] Registrando odontologo...
[2023-06-2519:45:30] [ INFO ] [OdontologoController:32] El odontologo fue registrado con éxito
[2023-06-2519:45:33] [ INFO ] [OdontologoController:44] Listando odontologos...
[2023-06-2519:45:36] [ INFO ] [OdontologoController:93] Odontologo eliminado
[2023-06-2519:45:36] [ INFO ] [OdontologoController:44] Listando odontologos...
[2023-06-2519:45:39] [ INFO ] [OdontologoController:44] Listando odontologos...
[2023-06-2519:45:42] [ INFO ] [OdontologoController:93] Odontologo eliminado
[2023-06-2519:45:42] [ INFO ] [OdontologoController:44] Listando odontologos...
[2023-06-2519:45:51] [ INFO ] [PacienteController:26] Registrando paciente...
[2023-06-2519:45:51] [ INFO ] [PacienteController:30] El paciente fue registrado con éxito
[2023-06-2519:45:57] [ INFO ] [OdontologoController:28] Registrando odontologo...
[2023-06-2519:45:57] [ INFO ] [OdontologoController:32] El odontologo fue registrado con éxito
[2023-06-2519:45:59] [ INFO ] [PacienteController:42] Listando pacientes...
[2023-06-2519:46:01] [ INFO ] [OdontologoController:44] Listando odontologos...
[2023-06-2519:46:02] [ INFO ] [OdontologoController:44] Listando odontologos...
[2023-06-2519:46:10] [ INFO ] [TurnoController:28] Registrando turno...
[2023-06-2519:46:10] [ INFO ] [TurnoController:32] Turno registrado con exito
[2023-06-2519:46:15] [ INFO ] [TurnoController:44] Listando turnos...
[2023-06-2519:46:20] [ INFO ] [TurnoController:84] Turno eliminado
[2023-06-2519:46:20] [ INFO ] [TurnoController:44] Listando turnos...
[2023-06-2519:46:23] [ INFO ] [TurnoController:44] Listando turnos...
[2023-06-2519:46:26] [ INFO ] [TurnoController:84] Turno eliminado
[2023-06-2519:46:26] [ INFO ] [TurnoController:44] Listando turnos...
[2023-06-2519:46:50] [ INFO ] [PacienteController:42] Listando pacientes...
[2023-06-2519:46:52] [ INFO ] [PacienteController:87] Paciente eliminado
[2023-06-2519:46:52] [ ERROR] [GlobalExceptionHandler:18] could not execute statement [Violación de una restricción de Integridad Referencial: "FKQHWVSF9BQSFMLHD0NURYNVWSD: PUBLIC.TURNO FOREIGN KEY(PACIENTE_ID) REFERENCES PUBLIC.PACIENTE(ID) (3)"
Referential integrity constraint violation: "FKQHWVSF9BQSFMLHD0NURYNVWSD: PUBLIC.TURNO FOREIGN KEY(PACIENTE_ID) REFERENCES PUBLIC.PACIENTE(ID) (3)"; SQL statement:
delete from paciente where id=? [23503-214]] [delete from paciente where id=?]; SQL [delete from paciente where id=?]; constraint ["FKQHWVSF9BQSFMLHD0NURYNVWSD: PUBLIC.TURNO FOREIGN KEY(PACIENTE_ID) REFERENCES PUBLIC.PACIENTE(ID) (3)"; SQL statement:
delete from paciente where id=? [23503-214]]
[2023-06-2519:46:52] [ INFO ] [PacienteController:42] Listando pacientes...
[2023-06-2519:46:55] [ INFO ] [PacienteController:42] Listando pacientes...
[2023-06-2519:46:56] [ INFO ] [PacienteController:42] Listando pacientes...
[2023-06-2519:47:00] [ ERROR] [GlobalExceptionHandler:18] could not execute statement [Violación de una restricción de Integridad Referencial: "FKE6NBFHWYMISXJA2FVDUNYRTB: PUBLIC.TURNO FOREIGN KEY(ODONTOLOGO_ID) REFERENCES PUBLIC.ODONTOLOGO(ID) (3)"
Referential integrity constraint violation: "FKE6NBFHWYMISXJA2FVDUNYRTB: PUBLIC.TURNO FOREIGN KEY(ODONTOLOGO_ID) REFERENCES PUBLIC.ODONTOLOGO(ID) (3)"; SQL statement:
delete from odontologo where id=? [23503-214]] [delete from odontologo where id=?]; SQL [delete from odontologo where id=?]; constraint ["FKE6NBFHWYMISXJA2FVDUNYRTB: PUBLIC.TURNO FOREIGN KEY(ODONTOLOGO_ID) REFERENCES PUBLIC.ODONTOLOGO(ID) (3)"; SQL statement:
delete from odontologo where id=? [23503-214]]
[2023-06-2519:47:00] [ INFO ] [OdontologoController:44] Listando odontologos...
[2023-06-2519:47:01] [ INFO ] [OdontologoController:44] Listando odontologos...
[2023-06-2519:47:02] [ INFO ] [OdontologoController:44] Listando odontologos...
[2023-06-2519:47:12] [ INFO ] [TurnoController:84] Turno eliminado
[2023-06-2519:47:12] [ INFO ] [TurnoController:44] Listando turnos...
[2023-06-2519:52:27] [ INFO ] [PacienteController:26] Registrando paciente...
[2023-06-2519:52:28] [ INFO ] [PacienteController:30] El paciente fue registrado con éxito
[2023-06-2519:52:41] [ INFO ] [OdontologoController:28] Registrando odontologo...
[2023-06-2519:52:41] [ INFO ] [OdontologoController:32] El odontologo fue registrado con éxito
[2023-06-2519:52:45] [ INFO ] [OdontologoController:44] Listando odontologos...
[2023-06-2519:52:53] [ INFO ] [TurnoController:28] Registrando turno...
[2023-06-2519:52:53] [ INFO ] [TurnoController:32] Turno registrado con exito
[2023-06-2519:52:56] [ INFO ] [TurnoController:44] Listando turnos...
[2023-06-2519:53:00] [ INFO ] [TurnoController:84] Turno eliminado
[2023-06-2519:53:00] [ INFO ] [OdontologoController:44] Listando odontologos...
[2023-06-2519:53:07] [ INFO ] [TurnoController:44] Listando turnos...
[2023-06-2519:53:11] [ INFO ] [TurnoController:84] Turno eliminado
[2023-06-2519:53:11] [ INFO ] [OdontologoController:44] Listando odontologos...
[2023-06-2519:53:22] [ INFO ] [TurnoController:44] Listando turnos...
[2023-06-2519:56:19] [ INFO ] [PacienteController:26] Registrando paciente...
[2023-06-2519:56:19] [ INFO ] [PacienteController:30] El paciente fue registrado con éxito
[2023-06-2519:56:23] [ INFO ] [PacienteController:42] Listando pacientes...
[2023-06-2519:56:32] [ INFO ] [OdontologoController:28] Registrando odontologo...
[2023-06-2519:56:32] [ INFO ] [OdontologoController:32] El odontologo fue registrado con éxito
[2023-06-2519:56:35] [ INFO ] [OdontologoController:44] Listando odontologos...
[2023-06-2519:56:43] [ INFO ] [TurnoController:28] Registrando turno...
[2023-06-2519:56:43] [ INFO ] [TurnoController:32] Turno registrado con exito
[2023-06-2519:56:46] [ INFO ] [TurnoController:44] Listando turnos...
[2023-06-2519:56:49] [ INFO ] [TurnoController:44] Listando turnos...
[2023-06-2519:56:53] [ INFO ] [TurnoController:44] Listando turnos...
[2023-06-2519:56:55] [ INFO ] [TurnoController:44] Listando turnos...
[2023-06-2519:56:57] [ INFO ] [TurnoController:44] Listando turnos...
[2023-06-2519:57:00] [ INFO ] [TurnoController:44] Listando turnos...
[2023-06-2519:57:03] [ INFO ] [TurnoController:44] Listando turnos...
[2023-06-2520:28:49] [ INFO ] [TurnoController:28] Registrando turno...
[2023-06-2520:28:49] [ ERROR] [GlobalExceptionHandler:18] could not execute statement [Violación de una restricción de Integridad Referencial: "FKE6NBFHWYMISXJA2FVDUNYRTB: PUBLIC.TURNO FOREIGN KEY(ODONTOLOGO_ID) REFERENCES PUBLIC.ODONTOLOGO(ID) (1)"
Referential integrity constraint violation: "FKE6NBFHWYMISXJA2FVDUNYRTB: PUBLIC.TURNO FOREIGN KEY(ODONTOLOGO_ID) REFERENCES PUBLIC.ODONTOLOGO(ID) (1)"; SQL statement:
insert into turno (fecha_hora,odontologo_id,paciente_id,id) values (?,?,?,?) [23506-214]] [insert into turno (fecha_hora,odontologo_id,paciente_id,id) values (?,?,?,?)]; SQL [insert into turno (fecha_hora,odontologo_id,paciente_id,id) values (?,?,?,?)]; constraint [FKE6NBFHWYMISXJA2FVDUNYRTB]
[2023-06-2520:28:57] [ INFO ] [TurnoController:44] Listando turnos...
[2023-06-2520:30:04] [ INFO ] [TurnoController:28] Registrando turno...
[2023-06-2520:30:04] [ ERROR] [GlobalExceptionHandler:18] could not execute statement [Violación de una restricción de Integridad Referencial: "FKE6NBFHWYMISXJA2FVDUNYRTB: PUBLIC.TURNO FOREIGN KEY(ODONTOLOGO_ID) REFERENCES PUBLIC.ODONTOLOGO(ID) (1)"
Referential integrity constraint violation: "FKE6NBFHWYMISXJA2FVDUNYRTB: PUBLIC.TURNO FOREIGN KEY(ODONTOLOGO_ID) REFERENCES PUBLIC.ODONTOLOGO(ID) (1)"; SQL statement:
insert into turno (fecha_hora,odontologo_id,paciente_id,id) values (?,?,?,?) [23506-214]] [insert into turno (fecha_hora,odontologo_id,paciente_id,id) values (?,?,?,?)]; SQL [insert into turno (fecha_hora,odontologo_id,paciente_id,id) values (?,?,?,?)]; constraint [FKE6NBFHWYMISXJA2FVDUNYRTB]
[2023-06-2520:30:23] [ INFO ] [PacienteController:26] Registrando paciente...
[2023-06-2520:30:23] [ INFO ] [PacienteController:30] El paciente fue registrado con éxito
[2023-06-2520:30:30] [ INFO ] [OdontologoController:28] Registrando odontologo...
[2023-06-2520:30:30] [ INFO ] [OdontologoController:32] El odontologo fue registrado con éxito
[2023-06-2520:30:35] [ INFO ] [TurnoController:28] Registrando turno...
[2023-06-2520:30:35] [ INFO ] [TurnoController:32] Turno registrado con exito
[2023-06-2520:30:43] [ INFO ] [TurnoController:28] Registrando turno...
[2023-06-2520:30:43] [ INFO ] [TurnoController:32] Turno registrado con exito
[2023-06-2520:30:44] [ INFO ] [TurnoController:28] Registrando turno...
[2023-06-2520:30:44] [ INFO ] [TurnoController:32] Turno registrado con exito
[2023-06-2520:31:59] [ INFO ] [OdontologoController:28] Registrando odontologo...
[2023-06-2520:31:59] [ INFO ] [OdontologoController:32] El odontologo fue registrado con éxito
[2023-06-2520:32:02] [ INFO ] [PacienteController:26] Registrando paciente...
[2023-06-2520:32:02] [ INFO ] [PacienteController:30] El paciente fue registrado con éxito
[2023-06-2520:32:19] [ INFO ] [TurnoController:28] Registrando turno...
[2023-06-2520:32:19] [ INFO ] [TurnoController:32] Turno registrado con exito
[2023-06-2520:32:25] [ INFO ] [TurnoController:44] Listando turnos...
[2023-06-2521:20:30] [ INFO ] [PacienteController:26] Registrando paciente...
[2023-06-2521:20:30] [ INFO ] [PacienteController:30] El paciente fue registrado con éxito
[2023-06-2521:23:52] [ INFO ] [PacienteController:26] Registrando paciente...
[2023-06-2521:23:53] [ INFO ] [PacienteController:30] El paciente fue registrado con éxito
[2023-06-2521:25:46] [ INFO ] [PacienteController:26] Registrando paciente...
[2023-06-2521:25:46] [ INFO ] [PacienteController:30] El paciente fue registrado con éxito
[2023-06-2521:26:23] [ INFO ] [PacienteController:26] Registrando paciente...
[2023-06-2521:26:24] [ INFO ] [PacienteController:30] El paciente fue registrado con éxito
[2023-06-2521:27:01] [ INFO ] [PacienteController:26] Registrando paciente...
[2023-06-2521:27:01] [ INFO ] [PacienteController:30] El paciente fue registrado con éxito
[2023-06-2521:28:10] [ INFO ] [PacienteController:48] Buscando paciente...
[2023-06-2521:28:10] [ ERROR] [GlobalExceptionHandler:18] Cannot invoke "java.util.Optional.isPresent()" because "paciente" is null
[2023-06-2521:33:34] [ INFO ] [PacienteController:26] Registrando paciente...
[2023-06-2521:33:34] [ INFO ] [PacienteController:30] El paciente fue registrado con éxito
[2023-06-2521:33:38] [ INFO ] [PacienteController:48] Buscando paciente...
[2023-06-2521:33:38] [ INFO ] [PacienteController:52] Paciente encontrado!
[2023-06-2521:35:05] [ INFO ] [PacienteController:26] Registrando paciente...
[2023-06-2521:35:05] [ INFO ] [PacienteController:30] El paciente fue registrado con éxito
[2023-06-2521:35:18] [ INFO ] [OdontologoController:28] Registrando odontologo...
[2023-06-2521:35:18] [ INFO ] [OdontologoController:32] El odontologo fue registrado con éxito
[2023-06-2521:35:25] [ INFO ] [TurnoController:28] Registrando turno...
[2023-06-2521:35:25] [ INFO ] [TurnoController:32] Turno registrado con exito
[2023-06-2521:35:28] [ INFO ] [TurnoController:44] Listando turnos...
[2023-06-2521:35:32] [ INFO ] [TurnoController:44] Listando turnos...
[2023-06-2521:35:35] [ INFO ] [TurnoController:44] Listando turnos...
[2023-06-2521:37:33] [ INFO ] [PacienteController:26] Registrando paciente...
[2023-06-2521:37:33] [ INFO ] [PacienteController:30] El paciente fue registrado con éxito
[2023-06-2521:37:36] [ INFO ] [PacienteController:42] Listando pacientes...
[2023-06-2521:37:42] [ INFO ] [OdontologoController:28] Registrando odontologo...
[2023-06-2521:37:42] [ INFO ] [OdontologoController:32] El odontologo fue registrado con éxito
[2023-06-2521:37:45] [ INFO ] [OdontologoController:44] Listando odontologos...
[2023-06-2521:37:53] [ INFO ] [TurnoController:28] Registrando turno...
[2023-06-2521:37:53] [ INFO ] [TurnoController:32] Turno registrado con exito
[2023-06-2521:37:56] [ INFO ] [TurnoController:44] Listando turnos...
[2023-06-2521:38:00] [ INFO ] [TurnoController:44] Listando turnos...
[2023-06-2521:38:23] [ INFO ] [TurnoController:44] Listando turnos...
[2023-06-2521:39:23] [ INFO ] [TurnoController:44] Listando turnos...
[2023-06-2521:39:29] [ INFO ] [TurnoController:44] Listando turnos...
[2023-06-2521:48:31] [ INFO ] [TurnoController:44] Listando turnos...
[2023-06-2521:50:12] [ INFO ] [PacienteController:26] Registrando paciente...
[2023-06-2521:50:13] [ INFO ] [PacienteController:30] El paciente fue registrado con éxito
[2023-06-2521:50:24] [ INFO ] [OdontologoController:28] Registrando odontologo...
[2023-06-2521:50:24] [ INFO ] [OdontologoController:32] El odontologo fue registrado con éxito
[2023-06-2521:50:28] [ INFO ] [PacienteController:42] Listando pacientes...
[2023-06-2521:50:31] [ INFO ] [OdontologoController:44] Listando odontologos...
[2023-06-2521:50:38] [ INFO ] [TurnoController:28] Registrando turno...
[2023-06-2521:50:38] [ INFO ] [TurnoController:32] Turno registrado con exito
[2023-06-2521:50:42] [ INFO ] [TurnoController:44] Listando turnos...
[2023-06-2521:50:46] [ INFO ] [TurnoController:84] Turno eliminado
[2023-06-2521:50:46] [ INFO ] [TurnoController:44] Listando turnos...
[2023-07-0121:51:28] [ INFO ] [PacienteController:26] Registrando paciente...
[2023-07-0121:51:29] [ INFO ] [PacienteController:30] El paciente fue registrado con éxito
[2023-07-0121:51:31] [ INFO ] [PacienteController:42] Listando pacientes...
[2023-07-0121:51:36] [ INFO ] [PacienteController:87] Paciente eliminado
[2023-07-0121:51:36] [ INFO ] [PacienteController:42] Listando pacientes...
[2023-07-0123:11:11] [ INFO ] [PacienteController:42] Listando pacientes...
[2023-07-0123:11:14] [ INFO ] [OdontologoController:44] Listando odontologos...
[2023-07-0123:11:16] [ INFO ] [TurnoController:44] Listando turnos...
[2023-07-0123:42:12] [ INFO ] [PacienteController:26] Registrando paciente...
[2023-07-0123:42:12] [ INFO ] [PacienteController:30] El paciente fue registrado con éxito
[2023-07-0123:42:15] [ INFO ] [PacienteController:42] Listando pacientes...
[2023-07-0214:01:21] [ INFO ] [PacienteController:26] Registrando paciente...
[2023-07-0214:01:21] [ INFO ] [PacienteController:30] El paciente fue registrado con éxito
[2023-07-0214:01:35] [ INFO ] [PacienteController:72] Paciente modificado con exito
[2023-07-0214:01:37] [ INFO ] [PacienteController:42] Listando pacientes...
[2023-07-0214:01:46] [ INFO ] [OdontologoController:28] Registrando odontologo...
[2023-07-0214:01:46] [ INFO ] [OdontologoController:32] El odontologo fue registrado con éxito
[2023-07-0214:01:58] [ INFO ] [OdontologoController:77] Odontologo modificado con exito
[2023-07-0214:02:01] [ INFO ] [OdontologoController:44] Listando odontologos...
[2023-07-0214:02:09] [ INFO ] [TurnoController:28] Registrando turno...
[2023-07-0214:02:09] [ INFO ] [TurnoController:32] Turno registrado con exito
[2023-07-0214:02:13] [ INFO ] [TurnoController:44] Listando turnos...
[2023-07-0214:02:19] [ INFO ] [TurnoController:84] Turno eliminado
[2023-07-0214:02:19] [ INFO ] [TurnoController:44] Listando turnos...
[2023-07-0214:02:21] [ INFO ] [TurnoController:44] Listando turnos...
[2023-07-0214:59:51] [ INFO ] [PacienteController:26] Registrando paciente...
[2023-07-0214:59:51] [ INFO ] [PacienteController:30] El paciente fue registrado con éxito
[2023-07-0214:59:54] [ INFO ] [PacienteController:42] Listando pacientes...
[2023-07-0216:17:56] [ INFO ] [PacienteController:26] Registrando paciente...
[2023-07-0216:17:56] [ INFO ] [PacienteController:30] El paciente fue registrado con éxito
[2023-07-0216:17:59] [ INFO ] [PacienteController:42] Listando pacientes...
[2023-07-0216:18:06] [ INFO ] [OdontologoController:28] Registrando odontologo...
[2023-07-0216:18:06] [ INFO ] [OdontologoController:32] El odontologo fue registrado con éxito
[2023-07-0216:18:07] [ INFO ] [OdontologoController:44] Listando odontologos...
[2023-07-0216:18:12] [ INFO ] [PacienteController:42] Listando pacientes...
[2023-07-0216:18:23] [ INFO ] [TurnoController:28] Registrando turno...
[2023-07-0216:18:23] [ INFO ] [TurnoController:32] Turno registrado con exito
[2023-07-0216:18:25] [ INFO ] [TurnoController:44] Listando turnos...
[2023-07-0216:18:36] [ INFO ] [TurnoController:28] Registrando turno...
[2023-07-0216:18:36] [ ERROR] [GlobalExceptionHandler:18] could not execute statement [Violación de una restricción de Integridad Referencial: "FKE6NBFHWYMISXJA2FVDUNYRTB: PUBLIC.TURNO FOREIGN KEY(ODONTOLOGO_ID) REFERENCES PUBLIC.ODONTOLOGO(ID) (2)"
Referential integrity constraint violation: "FKE6NBFHWYMISXJA2FVDUNYRTB: PUBLIC.TURNO FOREIGN KEY(ODONTOLOGO_ID) REFERENCES PUBLIC.ODONTOLOGO(ID) (2)"; SQL statement:
insert into turno (fecha_hora,odontologo_id,paciente_id,id) values (?,?,?,?) [23506-214]] [insert into turno (fecha_hora,odontologo_id,paciente_id,id) values (?,?,?,?)]; SQL [insert into turno (fecha_hora,odontologo_id,paciente_id,id) values (?,?,?,?)]; constraint [FKE6NBFHWYMISXJA2FVDUNYRTB]
[2023-07-0216:18:39] [ INFO ] [TurnoController:44] Listando turnos...
[2023-07-0216:32:36] [ INFO ] [PacienteController:26] Registrando paciente...
[2023-07-0216:32:36] [ INFO ] [PacienteController:30] El paciente fue registrado con éxito
[2023-07-0216:32:39] [ INFO ] [PacienteController:42] Listando pacientes...
[2023-07-0216:33:20] [ INFO ] [PacienteController:26] Registrando paciente...
[2023-07-0216:33:20] [ INFO ] [PacienteController:30] El paciente fue registrado con éxito
[2023-07-0216:33:22] [ INFO ] [PacienteController:42] Listando pacientes...
[2023-07-0216:36:14] [ INFO ] [PacienteController:26] Registrando paciente...
[2023-07-0216:36:14] [ INFO ] [PacienteController:30] El paciente fue registrado con éxito
[2023-07-0216:36:19] [ INFO ] [PacienteController:42] Listando pacientes...
[2023-07-0216:37:30] [ INFO ] [PacienteController:26] Registrando paciente...
[2023-07-0216:37:30] [ INFO ] [PacienteController:30] El paciente fue registrado con éxito
[2023-07-0216:37:31] [ INFO ] [PacienteController:26] Registrando paciente...
[2023-07-0216:37:31] [ INFO ] [PacienteController:30] El paciente fue registrado con éxito
[2023-07-0216:37:32] [ INFO ] [PacienteController:42] Listando pacientes...
[2023-07-0216:37:50] [ INFO ] [PacienteController:87] Paciente eliminado
[2023-07-0216:37:50] [ INFO ] [PacienteController:42] Listando pacientes...
[2023-07-0216:38:28] [ INFO ] [PacienteController:26] Registrando paciente...
[2023-07-0216:38:28] [ INFO ] [PacienteController:30] El paciente fue registrado con éxito
[2023-07-0216:38:30] [ INFO ] [PacienteController:42] Listando pacientes...
[2023-07-0318:09:53] [ INFO ] [PacienteController:26] Registrando paciente...
[2023-07-0318:09:53] [ INFO ] [PacienteController:30] El paciente fue registrado con éxito
[2023-07-0318:09:57] [ INFO ] [PacienteController:42] Listando pacientes...
[2023-07-0318:10:03] [ INFO ] [OdontologoController:28] Registrando odontologo...
[2023-07-0318:10:03] [ INFO ] [OdontologoController:32] El odontologo fue registrado con éxito
[2023-07-0318:11:55] [ INFO ] [OdontologoController:44] Listando odontologos...
[2023-07-0318:12:05] [ INFO ] [TurnoController:28] Registrando turno...
[2023-07-0318:12:05] [ INFO ] [TurnoController:32] Turno registrado con exito
[2023-07-0318:12:07] [ INFO ] [TurnoController:44] Listando turnos...
[2023-07-0318:12:28] [ INFO ] [TurnoController:44] Listando turnos...
[2023-07-0318:12:36] [ INFO ] [TurnoController:28] Registrando turno...
[2023-07-0318:12:36] [ INFO ] [TurnoController:32] Turno registrado con exito
[2023-07-0318:12:39] [ INFO ] [TurnoController:44] Listando turnos...
[2023-07-0318:14:24] [ INFO ] [TurnoController:44] Listando turnos...
[2023-07-0318:14:43] [ INFO ] [PacienteController:26] Registrando paciente...
[2023-07-0318:14:43] [ INFO ] [PacienteController:30] El paciente fue registrado con éxito
[2023-07-0318:14:46] [ INFO ] [PacienteController:42] Listando pacientes...
[2023-07-0318:14:52] [ INFO ] [OdontologoController:28] Registrando odontologo...
[2023-07-0318:14:52] [ INFO ] [OdontologoController:32] El odontologo fue registrado con éxito
[2023-07-0318:14:54] [ INFO ] [OdontologoController:44] Listando odontologos...
[2023-07-0318:15:09] [ INFO ] [TurnoController:28] Registrando turno...
[2023-07-0318:15:09] [ INFO ] [TurnoController:32] Turno registrado con exito
[2023-07-0318:15:13] [ INFO ] [TurnoController:44] Listando turnos...
[2023-07-0318:15:26] [ INFO ] [TurnoController:68] Turno modificado con exito
[2023-07-0318:15:29] [ INFO ] [TurnoController:44] Listando turnos...
[2023-07-0318:15:30] [ INFO ] [TurnoController:44] Listando turnos...
[2023-07-0318:16:49] [ INFO ] [TurnoController:28] Registrando turno...
[2023-07-0318:16:49] [ INFO ] [TurnoController:32] Turno registrado con exito
[2023-07-0318:16:56] [ INFO ] [TurnoController:44] Listando turnos...
[2023-07-0318:17:05] [ INFO ] [TurnoController:68] Turno modificado con exito
[2023-07-0318:17:09] [ INFO ] [TurnoController:44] Listando turnos...
[2023-07-0318:17:14] [ INFO ] [TurnoController:44] Listando turnos...
[2023-07-0318:17:18] [ INFO ] [TurnoController:44] Listando turnos...
[2023-07-0318:17:26] [ INFO ] [TurnoController:44] Listando turnos...
[2023-07-0318:17:28] [ INFO ] [TurnoController:44] Listando turnos...
[2023-07-0318:17:45] [ INFO ] [TurnoController:44] Listando turnos...
[2023-07-0318:17:50] [ INFO ] [TurnoController:84] Turno eliminado
[2023-07-0318:17:50] [ INFO ] [TurnoController:44] Listando turnos...
[2023-07-0318:22:14] [ INFO ] [PacienteController:26] Registrando paciente...
[2023-07-0318:22:14] [ INFO ] [PacienteController:30] El paciente fue registrado con éxito
[2023-07-0318:22:20] [ INFO ] [OdontologoController:28] Registrando odontologo...
[2023-07-0318:22:20] [ INFO ] [OdontologoController:32] El odontologo fue registrado con éxito
[2023-07-0318:22:27] [ INFO ] [PacienteController:42] Listando pacientes...
[2023-07-0318:22:30] [ INFO ] [OdontologoController:44] Listando odontologos...
[2023-07-0318:23:06] [ INFO ] [TurnoController:28] Registrando turno...
[2023-07-0318:23:06] [ INFO ] [TurnoController:32] Turno registrado con exito
[2023-07-0318:23:09] [ INFO ] [TurnoController:44] Listando turnos...
[2023-07-0318:23:17] [ INFO ] [TurnoController:68] Turno modificado con exito
[2023-07-0318:23:20] [ INFO ] [TurnoController:44] Listando turnos...
[2023-07-0318:23:26] [ INFO ] [TurnoController:84] Turno eliminado
[2023-07-0318:23:26] [ INFO ] [TurnoController:44] Listando turnos...
[2023-07-0318:32:08] [ INFO ] [PacienteController:26] Registrando paciente...
[2023-07-0318:32:08] [ INFO ] [PacienteController:30] El paciente fue registrado con éxito
[2023-07-0318:32:13] [ INFO ] [PacienteController:42] Listando pacientes...
[2023-07-0318:32:32] [ INFO ] [PacienteController:72] Paciente modificado con exito
[2023-07-0318:32:35] [ INFO ] [PacienteController:42] Listando pacientes...
[2023-07-0318:32:43] [ INFO ] [OdontologoController:28] Registrando odontologo...
[2023-07-0318:32:43] [ INFO ] [OdontologoController:32] El odontologo fue registrado con éxito
[2023-07-0318:32:45] [ INFO ] [OdontologoController:44] Listando odontologos...
[2023-07-0318:32:55] [ INFO ] [OdontologoController:77] Odontologo modificado con exito
[2023-07-0318:32:58] [ INFO ] [OdontologoController:44] Listando odontologos...
[2023-07-0318:33:06] [ INFO ] [TurnoController:28] Registrando turno...
[2023-07-0318:33:06] [ INFO ] [TurnoController:32] Turno registrado con exito
[2023-07-0318:33:09] [ INFO ] [TurnoController:44] Listando turnos...
[2023-07-0318:33:19] [ INFO ] [TurnoController:68] Turno modificado con exito
[2023-07-0318:33:23] [ INFO ] [TurnoController:44] Listando turnos...
[2023-07-0318:34:39] [ INFO ] [TurnoController:44] Listando turnos...
[2023-07-0318:35:16] [ INFO ] [TurnoController:84] Turno eliminado
[2023-07-0318:35:16] [ INFO ] [TurnoController:44] Listando turnos...
[2023-07-0318:35:21] [ INFO ] [OdontologoController:93] Odontologo eliminado
[2023-07-0318:35:21] [ INFO ] [OdontologoController:44] Listando odontologos...
[2023-07-0318:35:22] [ INFO ] [OdontologoController:44] Listando odontologos...
[2023-07-0318:35:26] [ INFO ] [PacienteController:42] Listando pacientes...
[2023-07-0318:35:29] [ INFO ] [PacienteController:87] Paciente eliminado
[2023-07-0318:35:29] [ INFO ] [PacienteController:42] Listando pacientes...
[2023-07-0318:35:40] [ INFO ] [PacienteController:26] Registrando paciente...
[2023-07-0318:35:40] [ INFO ] [PacienteController:30] El paciente fue registrado con éxito
[2023-07-0318:35:46] [ INFO ] [OdontologoController:28] Registrando odontologo...
[2023-07-0318:35:46] [ INFO ] [OdontologoController:32] El odontologo fue registrado con éxito
[2023-07-0318:36:05] [ INFO ] [TurnoController:28] Registrando turno...
[2023-07-0318:36:05] [ ERROR] [GlobalExceptionHandler:18] could not execute statement [Violación de una restricción de Integridad Referencial: "FKE6NBFHWYMISXJA2FVDUNYRTB: PUBLIC.TURNO FOREIGN KEY(ODONTOLOGO_ID) REFERENCES PUBLIC.ODONTOLOGO(ID) (1)"
Referential integrity constraint violation: "FKE6NBFHWYMISXJA2FVDUNYRTB: PUBLIC.TURNO FOREIGN KEY(ODONTOLOGO_ID) REFERENCES PUBLIC.ODONTOLOGO(ID) (1)"; SQL statement:
insert into turno (fecha_hora,odontologo_id,paciente_id,id) values (?,?,?,?) [23506-214]] [insert into turno (fecha_hora,odontologo_id,paciente_id,id) values (?,?,?,?)]; SQL [insert into turno (fecha_hora,odontologo_id,paciente_id,id) values (?,?,?,?)]; constraint [FKE6NBFHWYMISXJA2FVDUNYRTB]
[2023-07-0318:36:07] [ INFO ] [TurnoController:44] Listando turnos...
[2023-07-0318:36:28] [ INFO ] [TurnoController:44] Listando turnos...
[2023-07-0318:36:34] [ INFO ] [TurnoController:28] Registrando turno...
[2023-07-0318:36:34] [ ERROR] [GlobalExceptionHandler:18] could not execute statement [Violación de una restricción de Integridad Referencial: "FKE6NBFHWYMISXJA2FVDUNYRTB: PUBLIC.TURNO FOREIGN KEY(ODONTOLOGO_ID) REFERENCES PUBLIC.ODONTOLOGO(ID) (1)"
Referential integrity constraint violation: "FKE6NBFHWYMISXJA2FVDUNYRTB: PUBLIC.TURNO FOREIGN KEY(ODONTOLOGO_ID) REFERENCES PUBLIC.ODONTOLOGO(ID) (1)"; SQL statement:
insert into turno (fecha_hora,odontologo_id,paciente_id,id) values (?,?,?,?) [23506-214]] [insert into turno (fecha_hora,odontologo_id,paciente_id,id) values (?,?,?,?)]; SQL [insert into turno (fecha_hora,odontologo_id,paciente_id,id) values (?,?,?,?)]; constraint [FKE6NBFHWYMISXJA2FVDUNYRTB]
[2023-07-0318:36:39] [ INFO ] [TurnoController:44] Listando turnos...
[2023-07-0318:36:56] [ INFO ] [TurnoController:28] Registrando turno...
[2023-07-0318:36:56] [ INFO ] [TurnoController:32] Turno registrado con exito
[2023-07-0318:37:06] [ INFO ] [TurnoController:44] Listando turnos...
[2023-07-0318:37:15] [ INFO ] [TurnoController:68] Turno modificado con exito
[2023-07-0318:37:17] [ INFO ] [TurnoController:44] Listando turnos...
[2023-07-0318:37:21] [ INFO ] [TurnoController:84] Turno eliminado
[2023-07-0318:37:21] [ INFO ] [TurnoController:44] Listando turnos...
[2023-07-0318:38:27] [ INFO ] [TurnoController:44] Listando turnos...
[2023-07-0318:38:44] [ INFO ] [TurnoController:44] Listando turnos...
[2023-07-0318:39:04] [ INFO ] [PacienteController:26] Registrando paciente...
[2023-07-0318:39:04] [ INFO ] [PacienteController:30] El paciente fue registrado con éxito
[2023-07-0318:39:09] [ INFO ] [OdontologoController:28] Registrando odontologo...
[2023-07-0318:39:09] [ INFO ] [OdontologoController:32] El odontologo fue registrado con éxito
[2023-07-0318:39:18] [ INFO ] [TurnoController:28] Registrando turno...
[2023-07-0318:39:18] [ INFO ] [TurnoController:32] Turno registrado con exito
[2023-07-0318:39:21] [ INFO ] [TurnoController:44] Listando turnos...
[2023-07-0318:39:39] [ INFO ] [TurnoController:44] Listando turnos...
[2023-07-0318:53:33] [ INFO ] [PacienteController:26] Registrando paciente...
[2023-07-0318:53:33] [ INFO ] [PacienteController:30] El paciente fue registrado con éxito
[2023-07-0318:53:33] [ INFO ] [PacienteController:42] Listando pacientes...
[2023-07-0318:53:39] [ INFO ] [OdontologoController:28] Registrando odontologo...
[2023-07-0318:53:39] [ INFO ] [OdontologoController:32] El odontologo fue registrado con éxito
[2023-07-0318:53:42] [ INFO ] [OdontologoController:44] Listando odontologos...
[2023-07-0318:53:49] [ INFO ] [TurnoController:28] Registrando turno...
[2023-07-0318:53:49] [ INFO ] [TurnoController:32] Turno registrado con exito
[2023-07-0318:53:53] [ INFO ] [TurnoController:44] Listando turnos...
[2023-07-0318:54:18] [ INFO ] [TurnoController:28] Registrando turno...
[2023-07-0318:54:18] [ INFO ] [TurnoController:32] Turno registrado con exito
[2023-07-0318:54:21] [ INFO ] [TurnoController:44] Listando turnos...
[2023-07-0318:54:30] [ INFO ] [TurnoController:44] Listando turnos...
[2023-07-0318:54:33] [ INFO ] [TurnoController:68] Turno modificado con exito
[2023-07-0318:54:36] [ INFO ] [TurnoController:44] Listando turnos...
[2023-07-0318:54:41] [ INFO ] [TurnoController:84] Turno eliminado
[2023-07-0318:54:41] [ INFO ] [TurnoController:44] Listando turnos...
[2023-07-0318:54:45] [ INFO ] [TurnoController:44] Listando turnos...
[2023-07-0318:54:57] [ INFO ] [PacienteController:42] Listando pacientes...
[2023-07-0318:54:59] [ INFO ] [OdontologoController:44] Listando odontologos...
[2023-07-0318:55:02] [ INFO ] [TurnoController:44] Listando turnos...
[2023-07-0318:55:13] [ INFO ] [PacienteController:72] Paciente modificado con exito
[2023-07-0318:55:16] [ INFO ] [PacienteController:42] Listando pacientes...
[2023-07-0318:55:25] [ INFO ] [OdontologoController:77] Odontologo modificado con exito
[2023-07-0318:55:27] [ INFO ] [OdontologoController:44] Listando odontologos...
[2023-07-0318:55:38] [ INFO ] [TurnoController:68] Turno modificado con exito
[2023-07-0318:55:42] [ INFO ] [TurnoController:44] Listando turnos...
[2023-07-0318:55:45] [ INFO ] [TurnoController:84] Turno eliminado
[2023-07-0318:55:45] [ INFO ] [TurnoController:44] Listando turnos...
[2023-07-0318:55:49] [ INFO ] [OdontologoController:93] Odontologo eliminado
[2023-07-0318:55:49] [ INFO ] [OdontologoController:44] Listando odontologos...
[2023-07-0318:55:52] [ INFO ] [PacienteController:87] Paciente eliminado
[2023-07-0318:55:52] [ INFO ] [PacienteController:42] Listando pacientes...
